Start testing: Aug 20 00:14 CEST
----------------------------------------------------------
4/4 Testing: Lexer4
4/4 Test: Lexer4
Command: "/Users/josefschneid/Desktop/Compiler/build/comptest" "Lexer4"
Directory: /Users/josefschneid/Desktop/Compiler/build
"Lexer4" start time: Aug 20 00:14 CEST
Output:
----------------------------------------------------------
Filters: Lexer4

~~~~~~~~~~~~~~~~~~~~~~~~~~~~~~~~~~~~~~~~~~~~~~~~~~~~~~~~~~~~~~~~~~~~~~~~~~~~~~~
comptest is a Catch v2.13.7 host application.
Run with -? for options

-------------------------------------------------------------------------------
Lexer4
-------------------------------------------------------------------------------
/Users/josefschneid/Desktop/Compiler/test/test.cpp:77
...............................................................................

/Users/josefschneid/Desktop/Compiler/test/test.cpp:90: FAILED:

===============================================================================
test cases: 1 | 1 failed
assertions: 2 | 1 passed | 1 failed

<end of output>
Test time =   0.03 sec
----------------------------------------------------------
Test Failed.
"Lexer4" end time: Aug 20 00:14 CEST
"Lexer4" time elapsed: 00:00:00
----------------------------------------------------------

3/4 Testing: Lexer3
3/4 Test: Lexer3
Command: "/Users/josefschneid/Desktop/Compiler/build/comptest" "Lexer3"
Directory: /Users/josefschneid/Desktop/Compiler/build
"Lexer3" start time: Aug 20 00:14 CEST
Output:
----------------------------------------------------------
Filters: Lexer3
===============================================================================
All tests passed (5 assertions in 1 test case)

<end of output>
Test time =   0.03 sec
----------------------------------------------------------
Test Passed.
"Lexer3" end time: Aug 20 00:14 CEST
"Lexer3" time elapsed: 00:00:00
----------------------------------------------------------

1/4 Testing: Lexer1
1/4 Test: Lexer1
Command: "/Users/josefschneid/Desktop/Compiler/build/comptest" "Lexer1"
Directory: /Users/josefschneid/Desktop/Compiler/build
"Lexer1" start time: Aug 20 00:14 CEST
Output:
----------------------------------------------------------
Filters: Lexer1
===============================================================================
All tests passed (5 assertions in 1 test case)

<end of output>
Test time =   0.02 sec
----------------------------------------------------------
Test Passed.
"Lexer1" end time: Aug 20 00:14 CEST
"Lexer1" time elapsed: 00:00:00
----------------------------------------------------------

2/4 Testing: Lexer2
2/4 Test: Lexer2
Command: "/Users/josefschneid/Desktop/Compiler/build/comptest" "Lexer2"
Directory: /Users/josefschneid/Desktop/Compiler/build
"Lexer2" start time: Aug 20 00:14 CEST
Output:
----------------------------------------------------------
Filters: Lexer2
===============================================================================
All tests passed (5 assertions in 1 test case)

<end of output>
Test time =   0.02 sec
----------------------------------------------------------
Test Passed.
"Lexer2" end time: Aug 20 00:14 CEST
"Lexer2" time elapsed: 00:00:00
----------------------------------------------------------

End testing: Aug 20 00:14 CEST
