Start testing: Aug 21 00:16 CEST
----------------------------------------------------------
5/7 Testing: Tree1
5/7 Test: Tree1
Command: "/Users/josefschneid/Desktop/Compiler/build/comptest" "Tree1"
Directory: /Users/josefschneid/Desktop/Compiler/build
"Tree1" start time: Aug 21 00:16 CEST
Output:
----------------------------------------------------------
Filters: Tree1
===============================================================================
All tests passed (1 assertion in 1 test case)

<end of output>
Test time =   0.03 sec
----------------------------------------------------------
Test Passed.
"Tree1" end time: Aug 21 00:16 CEST
"Tree1" time elapsed: 00:00:00
----------------------------------------------------------

6/7 Testing: Tree2
6/7 Test: Tree2
Command: "/Users/josefschneid/Desktop/Compiler/build/comptest" "Tree2"
Directory: /Users/josefschneid/Desktop/Compiler/build
"Tree2" start time: Aug 21 00:16 CEST
Output:
----------------------------------------------------------
Filters: Tree2
===============================================================================
All tests passed (1 assertion in 1 test case)

<end of output>
Test time =   0.03 sec
----------------------------------------------------------
Test Passed.
"Tree2" end time: Aug 21 00:16 CEST
"Tree2" time elapsed: 00:00:00
----------------------------------------------------------

3/7 Testing: Lexer3
3/7 Test: Lexer3
Command: "/Users/josefschneid/Desktop/Compiler/build/comptest" "Lexer3"
Directory: /Users/josefschneid/Desktop/Compiler/build
"Lexer3" start time: Aug 21 00:16 CEST
Output:
----------------------------------------------------------
Filters: Lexer3
===============================================================================
All tests passed (5 assertions in 1 test case)

<end of output>
Test time =   0.02 sec
----------------------------------------------------------
Test Passed.
"Lexer3" end time: Aug 21 00:16 CEST
"Lexer3" time elapsed: 00:00:00
----------------------------------------------------------

4/7 Testing: Lexer4
4/7 Test: Lexer4
Command: "/Users/josefschneid/Desktop/Compiler/build/comptest" "Lexer4"
Directory: /Users/josefschneid/Desktop/Compiler/build
"Lexer4" start time: Aug 21 00:16 CEST
Output:
----------------------------------------------------------
Filters: Lexer4
===============================================================================
All tests passed (1 assertion in 1 test case)

<end of output>
Test time =   0.01 sec
----------------------------------------------------------
Test Passed.
"Lexer4" end time: Aug 21 00:16 CEST
"Lexer4" time elapsed: 00:00:00
----------------------------------------------------------

1/7 Testing: Lexer1
1/7 Test: Lexer1
Command: "/Users/josefschneid/Desktop/Compiler/build/comptest" "Lexer1"
Directory: /Users/josefschneid/Desktop/Compiler/build
"Lexer1" start time: Aug 21 00:16 CEST
Output:
----------------------------------------------------------
Filters: Lexer1
===============================================================================
All tests passed (5 assertions in 1 test case)

<end of output>
Test time =   0.01 sec
----------------------------------------------------------
Test Passed.
"Lexer1" end time: Aug 21 00:16 CEST
"Lexer1" time elapsed: 00:00:00
----------------------------------------------------------

2/7 Testing: Lexer2
2/7 Test: Lexer2
Command: "/Users/josefschneid/Desktop/Compiler/build/comptest" "Lexer2"
Directory: /Users/josefschneid/Desktop/Compiler/build
"Lexer2" start time: Aug 21 00:16 CEST
Output:
----------------------------------------------------------
Filters: Lexer2
===============================================================================
All tests passed (5 assertions in 1 test case)

<end of output>
Test time =   0.01 sec
----------------------------------------------------------
Test Passed.
"Lexer2" end time: Aug 21 00:16 CEST
"Lexer2" time elapsed: 00:00:00
----------------------------------------------------------

7/7 Testing: Parser1
7/7 Test: Parser1
Command: "/Users/josefschneid/Desktop/Compiler/build/comptest" "Parser1"
Directory: /Users/josefschneid/Desktop/Compiler/build
"Parser1" start time: Aug 21 00:16 CEST
Output:
----------------------------------------------------------
Filters: Parser1

~~~~~~~~~~~~~~~~~~~~~~~~~~~~~~~~~~~~~~~~~~~~~~~~~~~~~~~~~~~~~~~~~~~~~~~~~~~~~~~
comptest is a Catch v2.13.7 host application.
Run with -? for options

-------------------------------------------------------------------------------
Parser1
-------------------------------------------------------------------------------
/Users/josefschneid/Desktop/Compiler/test/test_parser.cpp:6
...............................................................................

/Users/josefschneid/Desktop/Compiler/test/test_parser.cpp:6: FAILED:
due to a fatal error condition:
  SIGSEGV - Segmentation violation signal

===============================================================================
test cases: 1 | 1 failed
assertions: 1 | 1 failed

<end of output>
Test time =   0.04 sec
----------------------------------------------------------
Test Failed.
"Parser1" end time: Aug 21 00:16 CEST
"Parser1" time elapsed: 00:00:00
----------------------------------------------------------

End testing: Aug 21 00:16 CEST
