<?xml version="1.0" encoding="UTF-8"?>
<Site BuildName="(empty)"
	BuildStamp="20210820-1153-Experimental"
	Name="(empty)"
	Generator="ctest-3.20.5"
	CompilerName=""
	CompilerVersion=""
	OSName="Mac OS X"
	Hostname="Josefs-MacBook-Pro.local"
	OSRelease="10.15.7"
	OSVersion="19H1217"
	OSPlatform="x86_64"
	Is64Bits="1"
	VendorString="GenuineIntel"
	VendorID="Intel Corporation"
	FamilyID="6"
	ModelID="142"
	ProcessorCacheSize="32768"
	NumberOfLogicalCPU="4"
	NumberOfPhysicalCPU="2"
	TotalVirtualMemory="3072"
	TotalPhysicalMemory="8192"
	LogicalProcessorsPerPhysical="8"
	ProcessorClockFrequency="2300"
	>
	<Testing>
		<StartDateTime>Aug 21 00:16 CEST</StartDateTime>
		<StartTestTime>1629497791</StartTestTime>
		<TestList>
			<Test>./Tree1</Test>
			<Test>./Tree2</Test>
			<Test>./Lexer3</Test>
			<Test>./Lexer4</Test>
			<Test>./Lexer1</Test>
			<Test>./Lexer2</Test>
			<Test>./Parser1</Test>
		</TestList>
		<Test Status="passed">
			<Name>Tree1</Name>
			<Path>.</Path>
			<FullName>./Tree1</FullName>
			<FullCommandLine>/Users/josefschneid/Desktop/Compiler/build/comptest "Tree1"</FullCommandLine>
			<Results>
				<NamedMeasurement type="numeric/double" name="Execution Time">
					<Value>0.0276838</Value>
				</NamedMeasurement>
				<NamedMeasurement type="numeric/double" name="Processors">
					<Value>1</Value>
				</NamedMeasurement>
				<NamedMeasurement type="text/string" name="Completion Status">
					<Value>Completed</Value>
				</NamedMeasurement>
				<NamedMeasurement type="text/string" name="Command Line">
					<Value>/Users/josefschneid/Desktop/Compiler/build/comptest "Tree1"</Value>
				</NamedMeasurement>
				<NamedMeasurement type="text/string" name="Environment">
					<Value>#CTEST_RESOURCE_GROUP_COUNT=</Value>
				</NamedMeasurement>
				<Measurement>
					<Value encoding="base64" compression="gzip">eJxzy8wpSS0qtlIIKUpNNeSypS7gcszJUShJLS4pVihILC5OTVHQMFQAMYpKMvPzFDLzFAzB0grJicWpmlxcAKsrJ3o=</Value>
				</Measurement>
			</Results>
		</Test>
		<Test Status="passed">
			<Name>Tree2</Name>
			<Path>.</Path>
			<FullName>./Tree2</FullName>
			<FullCommandLine>/Users/josefschneid/Desktop/Compiler/build/comptest "Tree2"</FullCommandLine>
			<Results>
				<NamedMeasurement type="numeric/double" name="Execution Time">
					<Value>0.0283832</Value>
				</NamedMeasurement>
				<NamedMeasurement type="numeric/double" name="Processors">
					<Value>1</Value>
				</NamedMeasurement>
				<NamedMeasurement type="text/string" name="Completion Status">
					<Value>Completed</Value>
				</NamedMeasurement>
				<NamedMeasurement type="text/string" name="Command Line">
					<Value>/Users/josefschneid/Desktop/Compiler/build/comptest "Tree2"</Value>
				</NamedMeasurement>
				<NamedMeasurement type="text/string" name="Environment">
					<Value>#CTEST_RESOURCE_GROUP_COUNT=</Value>
				</NamedMeasurement>
				<Measurement>
					<Value encoding="base64" compression="gzip">eJxzy8wpSS0qtlIIKUpNNeKypS7gcszJUShJLS4pVihILC5OTVHQMFQAMYpKMvPzFDLzFAzB0grJicWpmlxcAKusJ3s=</Value>
				</Measurement>
			</Results>
		</Test>
		<Test Status="passed">
			<Name>Lexer3</Name>
			<Path>.</Path>
			<FullName>./Lexer3</FullName>
			<FullCommandLine>/Users/josefschneid/Desktop/Compiler/build/comptest "Lexer3"</FullCommandLine>
			<Results>
				<NamedMeasurement type="numeric/double" name="Execution Time">
					<Value>0.020725</Value>
				</NamedMeasurement>
				<NamedMeasurement type="numeric/double" name="Processors">
					<Value>1</Value>
				</NamedMeasurement>
				<NamedMeasurement type="text/string" name="Completion Status">
					<Value>Completed</Value>
				</NamedMeasurement>
				<NamedMeasurement type="text/string" name="Command Line">
					<Value>/Users/josefschneid/Desktop/Compiler/build/comptest "Lexer3"</Value>
				</NamedMeasurement>
				<NamedMeasurement type="text/string" name="Environment">
					<Value>#CTEST_RESOURCE_GROUP_COUNT=</Value>
				</NamedMeasurement>
				<Measurement>
					<Value encoding="base64" compression="gzip">eJxzy8wpSS0qtlLwSa1ILTLmsqUu4HLMyVEoSS0uKVYoSCwuTk1R0DBVADGKSjLz84oVMvMUDMHyCsmJxamaXFwAFYsoYw==</Value>
				</Measurement>
			</Results>
		</Test>
		<Test Status="passed">
			<Name>Lexer4</Name>
			<Path>.</Path>
			<FullName>./Lexer4</FullName>
			<FullCommandLine>/Users/josefschneid/Desktop/Compiler/build/comptest "Lexer4"</FullCommandLine>
			<Results>
				<NamedMeasurement type="numeric/double" name="Execution Time">
					<Value>0.0131247</Value>
				</NamedMeasurement>
				<NamedMeasurement type="numeric/double" name="Processors">
					<Value>1</Value>
				</NamedMeasurement>
				<NamedMeasurement type="text/string" name="Completion Status">
					<Value>Completed</Value>
				</NamedMeasurement>
				<NamedMeasurement type="text/string" name="Command Line">
					<Value>/Users/josefschneid/Desktop/Compiler/build/comptest "Lexer4"</Value>
				</NamedMeasurement>
				<NamedMeasurement type="text/string" name="Environment">
					<Value>#CTEST_RESOURCE_GROUP_COUNT=</Value>
				</NamedMeasurement>
				<Measurement>
					<Value encoding="base64" compression="gzip">eJxzy8wpSS0qtlLwSa1ILTLhsqUu4HLMyVEoSS0uKVYoSCwuTk1R0DBUADGKSjLz8xQy8xQMwdIKyYnFqZpcXADqMSft====</Value>
				</Measurement>
			</Results>
		</Test>
		<Test Status="passed">
			<Name>Lexer1</Name>
			<Path>.</Path>
			<FullName>./Lexer1</FullName>
			<FullCommandLine>/Users/josefschneid/Desktop/Compiler/build/comptest "Lexer1"</FullCommandLine>
			<Results>
				<NamedMeasurement type="numeric/double" name="Execution Time">
					<Value>0.00903891</Value>
				</NamedMeasurement>
				<NamedMeasurement type="numeric/double" name="Processors">
					<Value>1</Value>
				</NamedMeasurement>
				<NamedMeasurement type="text/string" name="Completion Status">
					<Value>Completed</Value>
				</NamedMeasurement>
				<NamedMeasurement type="text/string" name="Command Line">
					<Value>/Users/josefschneid/Desktop/Compiler/build/comptest "Lexer1"</Value>
				</NamedMeasurement>
				<NamedMeasurement type="text/string" name="Environment">
					<Value>#CTEST_RESOURCE_GROUP_COUNT=</Value>
				</NamedMeasurement>
				<Measurement>
					<Value encoding="base64" compression="gzip">eJxzy8wpSS0qtlLwSa1ILTLksqUu4HLMyVEoSS0uKVYoSCwuTk1R0DBVADGKSjLz84oVMvMUDMHyCsmJxamaXFwAFIcoYQ==</Value>
				</Measurement>
			</Results>
		</Test>
		<Test Status="passed">
			<Name>Lexer2</Name>
			<Path>.</Path>
			<FullName>./Lexer2</FullName>
			<FullCommandLine>/Users/josefschneid/Desktop/Compiler/build/comptest "Lexer2"</FullCommandLine>
			<Results>
				<NamedMeasurement type="numeric/double" name="Execution Time">
					<Value>0.00699401</Value>
				</NamedMeasurement>
				<NamedMeasurement type="numeric/double" name="Processors">
					<Value>1</Value>
				</NamedMeasurement>
				<NamedMeasurement type="text/string" name="Completion Status">
					<Value>Completed</Value>
				</NamedMeasurement>
				<NamedMeasurement type="text/string" name="Command Line">
					<Value>/Users/josefschneid/Desktop/Compiler/build/comptest "Lexer2"</Value>
				</NamedMeasurement>
				<NamedMeasurement type="text/string" name="Environment">
					<Value>#CTEST_RESOURCE_GROUP_COUNT=</Value>
				</NamedMeasurement>
				<Measurement>
					<Value encoding="base64" compression="gzip">eJxzy8wpSS0qtlLwSa1ILTLisqUu4HLMyVEoSS0uKVYoSCwuTk1R0DBVADGKSjLz84oVMvMUDMHyCsmJxamaXFwAFQkoYg==</Value>
				</Measurement>
			</Results>
		</Test>
		<Test Status="failed">
			<Name>Parser1</Name>
			<Path>.</Path>
			<FullName>./Parser1</FullName>
			<FullCommandLine>/Users/josefschneid/Desktop/Compiler/build/comptest "Parser1"</FullCommandLine>
			<Results>
				<NamedMeasurement type="text/string" name="Exit Code">
					<Value>SEGFAULT</Value>
				</NamedMeasurement>
				<NamedMeasurement type="text/string" name="Exit Value">
					<Value>0</Value>
				</NamedMeasurement>
				<NamedMeasurement type="numeric/double" name="Execution Time">
					<Value>0.0401996</Value>
				</NamedMeasurement>
				<NamedMeasurement type="numeric/double" name="Processors">
					<Value>1</Value>
				</NamedMeasurement>
				<NamedMeasurement type="text/string" name="Completion Status">
					<Value>Completed</Value>
				</NamedMeasurement>
				<NamedMeasurement type="text/string" name="Command Line">
					<Value>/Users/josefschneid/Desktop/Compiler/build/comptest "Parser1"</Value>
				</NamedMeasurement>
				<NamedMeasurement type="text/string" name="Environment">
					<Value>#CTEST_RESOURCE_GROUP_COUNT=</Value>
				</NamedMeasurement>
				<Measurement>
					<Value encoding="base64" compression="gzip">eJytUk1LBDEMvedX5A9Mh3FBYUBE9osFD+KgVwmdzE6125amu17E326n4sWrfZAQEgh5eW9nbOIoPT5SFI4dwFddgPankFgSGkHCNSU94+VKdSt1g7PPfQrBGk3JeKfg6ezww6QZmzucfEQflr4ANHUBv3xr722f81pp37zwJHp2bMZ2w/KefGjX+RXGcmyXf5T0GsoZSofQX4OqC/jPMT3u7g8P200P45kx+azdRIkscoxZF+3daBZpekAcDvthu3/BBgc+ntilIiZejLc/lZijIwtwWxdQfKVJOBu4w88cE2VOI5BkIsU5fwbwDQnW3ZE=</Value>
				</Measurement>
			</Results>
		</Test>
		<EndDateTime>Aug 21 00:16 CEST</EndDateTime>
		<EndTestTime>1629497791</EndTestTime>
		<ElapsedMinutes>0</ElapsedMinutes>
	</Testing>
</Site>
