<?xml version="1.0" encoding="UTF-8"?>
<Site BuildName="(empty)"
	BuildStamp="20210819-1908-Experimental"
	Name="(empty)"
	Generator="ctest-3.20.5"
	CompilerName=""
	CompilerVersion=""
	OSName="Mac OS X"
	Hostname="Josefs-MacBook-Pro.local"
	OSRelease="10.15.7"
	OSVersion="19H1217"
	OSPlatform="x86_64"
	Is64Bits="1"
	VendorString="GenuineIntel"
	VendorID="Intel Corporation"
	FamilyID="6"
	ModelID="142"
	ProcessorCacheSize="32768"
	NumberOfLogicalCPU="4"
	NumberOfPhysicalCPU="2"
	TotalVirtualMemory="3072"
	TotalPhysicalMemory="8192"
	LogicalProcessorsPerPhysical="8"
	ProcessorClockFrequency="2300"
	>
	<Testing>
		<StartDateTime>Aug 20 00:14 CEST</StartDateTime>
		<StartTestTime>1629411285</StartTestTime>
		<TestList>
			<Test>./Lexer4</Test>
			<Test>./Lexer3</Test>
			<Test>./Lexer1</Test>
			<Test>./Lexer2</Test>
		</TestList>
		<Test Status="failed">
			<Name>Lexer4</Name>
			<Path>.</Path>
			<FullName>./Lexer4</FullName>
			<FullCommandLine>/Users/josefschneid/Desktop/Compiler/build/comptest "Lexer4"</FullCommandLine>
			<Results>
				<NamedMeasurement type="text/string" name="Exit Code">
					<Value>Failed</Value>
				</NamedMeasurement>
				<NamedMeasurement type="text/string" name="Exit Value">
					<Value>1</Value>
				</NamedMeasurement>
				<NamedMeasurement type="numeric/double" name="Execution Time">
					<Value>0.0345274</Value>
				</NamedMeasurement>
				<NamedMeasurement type="numeric/double" name="Processors">
					<Value>1</Value>
				</NamedMeasurement>
				<NamedMeasurement type="text/string" name="Completion Status">
					<Value>Completed</Value>
				</NamedMeasurement>
				<NamedMeasurement type="text/string" name="Command Line">
					<Value>/Users/josefschneid/Desktop/Compiler/build/comptest "Lexer4"</Value>
				</NamedMeasurement>
				<NamedMeasurement type="text/string" name="Environment">
					<Value>#CTEST_RESOURCE_GROUP_COUNT=</Value>
				</NamedMeasurement>
				<Measurement>
					<Value encoding="base64" compression="gzip">eJytUtsKwjAMfc9X5AdsvcGwICLTgbAnwQ8oXcaqcy1LvTyI3243fPBZeiB5OAnh5CSFbQP1rLCkJ/VLgHdagHFXH4gDWkaNuQ6mwftczBYiw8ZFXnvfWqODdZ2A463Dhw0NTjZYux6dH3gGmKQFfNdNPVaeOLopz46pZtN0ZCu5I74E52UenbAt9XKwY0zCeK+yDERawD8yVlOFxfZQ7ncKYJ0WMD6A0Uzx0Wb4ilHrqKECzVHoeGKF87HgB6r67YEP0WbBLw==</Value>
				</Measurement>
			</Results>
		</Test>
		<Test Status="passed">
			<Name>Lexer3</Name>
			<Path>.</Path>
			<FullName>./Lexer3</FullName>
			<FullCommandLine>/Users/josefschneid/Desktop/Compiler/build/comptest "Lexer3"</FullCommandLine>
			<Results>
				<NamedMeasurement type="numeric/double" name="Execution Time">
					<Value>0.0253793</Value>
				</NamedMeasurement>
				<NamedMeasurement type="numeric/double" name="Processors">
					<Value>1</Value>
				</NamedMeasurement>
				<NamedMeasurement type="text/string" name="Completion Status">
					<Value>Completed</Value>
				</NamedMeasurement>
				<NamedMeasurement type="text/string" name="Command Line">
					<Value>/Users/josefschneid/Desktop/Compiler/build/comptest "Lexer3"</Value>
				</NamedMeasurement>
				<NamedMeasurement type="text/string" name="Environment">
					<Value>#CTEST_RESOURCE_GROUP_COUNT=</Value>
				</NamedMeasurement>
				<Measurement>
					<Value encoding="base64" compression="gzip">eJxzy8wpSS0qtlLwSa1ILTLmsqUu4HLMyVEoSS0uKVYoSCwuTk1R0DBVADGKSjLz84oVMvMUDMHyCsmJxamaXFwAFYsoYw==</Value>
				</Measurement>
			</Results>
		</Test>
		<Test Status="passed">
			<Name>Lexer1</Name>
			<Path>.</Path>
			<FullName>./Lexer1</FullName>
			<FullCommandLine>/Users/josefschneid/Desktop/Compiler/build/comptest "Lexer1"</FullCommandLine>
			<Results>
				<NamedMeasurement type="numeric/double" name="Execution Time">
					<Value>0.0198949</Value>
				</NamedMeasurement>
				<NamedMeasurement type="numeric/double" name="Processors">
					<Value>1</Value>
				</NamedMeasurement>
				<NamedMeasurement type="text/string" name="Completion Status">
					<Value>Completed</Value>
				</NamedMeasurement>
				<NamedMeasurement type="text/string" name="Command Line">
					<Value>/Users/josefschneid/Desktop/Compiler/build/comptest "Lexer1"</Value>
				</NamedMeasurement>
				<NamedMeasurement type="text/string" name="Environment">
					<Value>#CTEST_RESOURCE_GROUP_COUNT=</Value>
				</NamedMeasurement>
				<Measurement>
					<Value encoding="base64" compression="gzip">eJxzy8wpSS0qtlLwSa1ILTLksqUu4HLMyVEoSS0uKVYoSCwuTk1R0DBVADGKSjLz84oVMvMUDMHyCsmJxamaXFwAFIcoYQ==</Value>
				</Measurement>
			</Results>
		</Test>
		<Test Status="passed">
			<Name>Lexer2</Name>
			<Path>.</Path>
			<FullName>./Lexer2</FullName>
			<FullCommandLine>/Users/josefschneid/Desktop/Compiler/build/comptest "Lexer2"</FullCommandLine>
			<Results>
				<NamedMeasurement type="numeric/double" name="Execution Time">
					<Value>0.0181321</Value>
				</NamedMeasurement>
				<NamedMeasurement type="numeric/double" name="Processors">
					<Value>1</Value>
				</NamedMeasurement>
				<NamedMeasurement type="text/string" name="Completion Status">
					<Value>Completed</Value>
				</NamedMeasurement>
				<NamedMeasurement type="text/string" name="Command Line">
					<Value>/Users/josefschneid/Desktop/Compiler/build/comptest "Lexer2"</Value>
				</NamedMeasurement>
				<NamedMeasurement type="text/string" name="Environment">
					<Value>#CTEST_RESOURCE_GROUP_COUNT=</Value>
				</NamedMeasurement>
				<Measurement>
					<Value encoding="base64" compression="gzip">eJxzy8wpSS0qtlLwSa1ILTLisqUu4HLMyVEoSS0uKVYoSCwuTk1R0DBVADGKSjLz84oVMvMUDMHyCsmJxamaXFwAFQkoYg==</Value>
				</Measurement>
			</Results>
		</Test>
		<EndDateTime>Aug 20 00:14 CEST</EndDateTime>
		<EndTestTime>1629411285</EndTestTime>
		<ElapsedMinutes>0</ElapsedMinutes>
	</Testing>
</Site>
